{"/Users/gahimbarejoselyne/Desktop/Joel/project-info/AppTest/backend/database/dbForTest.js": {"path":"/Users/gahimbarejoselyne/Desktop/Joel/project-info/AppTest/backend/database/dbForTest.js","statementMap":{"0":{"start":{"line":1,"column":16},"end":{"line":1,"column":34}},"1":{"start":{"line":2,"column":21},"end":{"line":2,"column":28}},"2":{"start":{"line":5,"column":20},"end":{"line":11,"column":2}},"3":{"start":{"line":6,"column":2},"end":{"line":10,"column":3}},"4":{"start":{"line":7,"column":4},"end":{"line":7,"column":61}},"5":{"start":{"line":9,"column":4},"end":{"line":9,"column":58}},"6":{"start":{"line":14,"column":0},"end":{"line":53,"column":3}},"7":{"start":{"line":15,"column":2},"end":{"line":23,"column":5}},"8":{"start":{"line":25,"column":2},"end":{"line":30,"column":5}},"9":{"start":{"line":32,"column":2},"end":{"line":42,"column":5}},"10":{"start":{"line":44,"column":2},"end":{"line":52,"column":5}},"11":{"start":{"line":55,"column":22},"end":{"line":61,"column":2}},"12":{"start":{"line":56,"column":2},"end":{"line":60,"column":3}},"13":{"start":{"line":57,"column":4},"end":{"line":57,"column":61}},"14":{"start":{"line":59,"column":4},"end":{"line":59,"column":58}},"15":{"start":{"line":64,"column":0},"end":{"line":101,"column":3}},"16":{"start":{"line":65,"column":2},"end":{"line":72,"column":5}},"17":{"start":{"line":74,"column":2},"end":{"line":79,"column":5}},"18":{"start":{"line":81,"column":2},"end":{"line":90,"column":5}},"19":{"start":{"line":92,"column":2},"end":{"line":100,"column":5}},"20":{"start":{"line":106,"column":20},"end":{"line":112,"column":2}},"21":{"start":{"line":107,"column":2},"end":{"line":111,"column":3}},"22":{"start":{"line":108,"column":4},"end":{"line":108,"column":61}},"23":{"start":{"line":110,"column":4},"end":{"line":110,"column":58}},"24":{"start":{"line":115,"column":0},"end":{"line":155,"column":3}},"25":{"start":{"line":116,"column":2},"end":{"line":125,"column":5}},"26":{"start":{"line":127,"column":2},"end":{"line":132,"column":5}},"27":{"start":{"line":134,"column":2},"end":{"line":145,"column":5}},"28":{"start":{"line":147,"column":2},"end":{"line":154,"column":5}},"29":{"start":{"line":157,"column":0},"end":{"line":157,"column":59}}},"fnMap":{"0":{"name":"(anonymous_0)","decl":{"start":{"line":5,"column":57},"end":{"line":5,"column":58}},"loc":{"start":{"line":5,"column":66},"end":{"line":11,"column":1}},"line":5},"1":{"name":"(anonymous_1)","decl":{"start":{"line":14,"column":22},"end":{"line":14,"column":23}},"loc":{"start":{"line":14,"column":28},"end":{"line":53,"column":1}},"line":14},"2":{"name":"(anonymous_2)","decl":{"start":{"line":55,"column":61},"end":{"line":55,"column":62}},"loc":{"start":{"line":55,"column":70},"end":{"line":61,"column":1}},"line":55},"3":{"name":"(anonymous_3)","decl":{"start":{"line":64,"column":24},"end":{"line":64,"column":25}},"loc":{"start":{"line":64,"column":30},"end":{"line":101,"column":1}},"line":64},"4":{"name":"(anonymous_4)","decl":{"start":{"line":106,"column":58},"end":{"line":106,"column":59}},"loc":{"start":{"line":106,"column":67},"end":{"line":112,"column":1}},"line":106},"5":{"name":"(anonymous_5)","decl":{"start":{"line":115,"column":22},"end":{"line":115,"column":23}},"loc":{"start":{"line":115,"column":28},"end":{"line":155,"column":1}},"line":115}},"branchMap":{"0":{"loc":{"start":{"line":6,"column":2},"end":{"line":10,"column":3}},"type":"if","locations":[{"start":{"line":6,"column":2},"end":{"line":10,"column":3}},{"start":{"line":8,"column":9},"end":{"line":10,"column":3}}],"line":6},"1":{"loc":{"start":{"line":56,"column":2},"end":{"line":60,"column":3}},"type":"if","locations":[{"start":{"line":56,"column":2},"end":{"line":60,"column":3}},{"start":{"line":58,"column":9},"end":{"line":60,"column":3}}],"line":56},"2":{"loc":{"start":{"line":107,"column":2},"end":{"line":111,"column":3}},"type":"if","locations":[{"start":{"line":107,"column":2},"end":{"line":111,"column":3}},{"start":{"line":109,"column":9},"end":{"line":111,"column":3}}],"line":107}},"s":{"0":1,"1":1,"2":1,"3":1,"4":0,"5":1,"6":1,"7":1,"8":1,"9":1,"10":1,"11":1,"12":1,"13":0,"14":1,"15":1,"16":1,"17":1,"18":1,"19":1,"20":1,"21":1,"22":0,"23":1,"24":1,"25":1,"26":1,"27":1,"28":1,"29":1},"f":{"0":1,"1":1,"2":1,"3":1,"4":1,"5":1},"b":{"0":[0,1],"1":[0,1],"2":[0,1]},"_coverageSchema":"1a1c01bbd47fc00a2c39e90264f33305004495a9","hash":"a20352663af29d9e5dd05b36c7c9abdb332f5b7e"}
,"/Users/gahimbarejoselyne/Desktop/Joel/project-info/AppTest/backend/database/insertDataForTest.js": {"path":"/Users/gahimbarejoselyne/Desktop/Joel/project-info/AppTest/backend/database/insertDataForTest.js","statementMap":{"0":{"start":{"line":1,"column":11},"end":{"line":1,"column":24}},"1":{"start":{"line":2,"column":52},"end":{"line":2,"column":77}},"2":{"start":{"line":4,"column":17},"end":{"line":222,"column":1}},"3":{"start":{"line":5,"column":2},"end":{"line":221,"column":5}},"4":{"start":{"line":6,"column":4},"end":{"line":9,"column":5}},"5":{"start":{"line":7,"column":6},"end":{"line":7,"column":55}},"6":{"start":{"line":8,"column":6},"end":{"line":8,"column":13}},"7":{"start":{"line":11,"column":21},"end":{"line":11,"column":37}},"8":{"start":{"line":13,"column":4},"end":{"line":220,"column":5}},"9":{"start":{"line":15,"column":8},"end":{"line":80,"column":11}},"10":{"start":{"line":16,"column":10},"end":{"line":16,"column":48}},"11":{"start":{"line":17,"column":10},"end":{"line":17,"column":50}},"12":{"start":{"line":18,"column":10},"end":{"line":18,"column":50}},"13":{"start":{"line":19,"column":10},"end":{"line":19,"column":55}},"14":{"start":{"line":21,"column":10},"end":{"line":79,"column":11}},"15":{"start":{"line":23,"column":14},"end":{"line":32,"column":17}},"16":{"start":{"line":24,"column":16},"end":{"line":31,"column":18}},"17":{"start":{"line":28,"column":20},"end":{"line":28,"column":77}},"18":{"start":{"line":28,"column":29},"end":{"line":28,"column":77}},"19":{"start":{"line":29,"column":20},"end":{"line":29,"column":77}},"20":{"start":{"line":33,"column":14},"end":{"line":33,"column":20}},"21":{"start":{"line":36,"column":14},"end":{"line":45,"column":17}},"22":{"start":{"line":37,"column":16},"end":{"line":44,"column":18}},"23":{"start":{"line":41,"column":20},"end":{"line":41,"column":79}},"24":{"start":{"line":41,"column":29},"end":{"line":41,"column":79}},"25":{"start":{"line":42,"column":20},"end":{"line":42,"column":83}},"26":{"start":{"line":46,"column":14},"end":{"line":46,"column":20}},"27":{"start":{"line":49,"column":14},"end":{"line":58,"column":17}},"28":{"start":{"line":50,"column":16},"end":{"line":57,"column":18}},"29":{"start":{"line":54,"column":20},"end":{"line":54,"column":79}},"30":{"start":{"line":54,"column":29},"end":{"line":54,"column":79}},"31":{"start":{"line":55,"column":20},"end":{"line":55,"column":67}},"32":{"start":{"line":59,"column":14},"end":{"line":59,"column":20}},"33":{"start":{"line":62,"column":14},"end":{"line":73,"column":17}},"34":{"start":{"line":63,"column":35},"end":{"line":63,"column":53}},"35":{"start":{"line":64,"column":36},"end":{"line":64,"column":55}},"36":{"start":{"line":65,"column":16},"end":{"line":72,"column":18}},"37":{"start":{"line":69,"column":20},"end":{"line":69,"column":84}},"38":{"start":{"line":69,"column":29},"end":{"line":69,"column":84}},"39":{"start":{"line":70,"column":20},"end":{"line":70,"column":81}},"40":{"start":{"line":74,"column":14},"end":{"line":74,"column":20}},"41":{"start":{"line":77,"column":14},"end":{"line":77,"column":62}},"42":{"start":{"line":78,"column":14},"end":{"line":78,"column":21}},"43":{"start":{"line":81,"column":8},"end":{"line":81,"column":14}},"44":{"start":{"line":84,"column":8},"end":{"line":147,"column":11}},"45":{"start":{"line":85,"column":10},"end":{"line":85,"column":50}},"46":{"start":{"line":86,"column":10},"end":{"line":86,"column":52}},"47":{"start":{"line":87,"column":10},"end":{"line":87,"column":52}},"48":{"start":{"line":88,"column":10},"end":{"line":88,"column":57}},"49":{"start":{"line":90,"column":10},"end":{"line":146,"column":11}},"50":{"start":{"line":92,"column":14},"end":{"line":101,"column":17}},"51":{"start":{"line":93,"column":16},"end":{"line":100,"column":18}},"52":{"start":{"line":97,"column":20},"end":{"line":97,"column":77}},"53":{"start":{"line":97,"column":29},"end":{"line":97,"column":77}},"54":{"start":{"line":98,"column":20},"end":{"line":98,"column":72}},"55":{"start":{"line":102,"column":14},"end":{"line":102,"column":20}},"56":{"start":{"line":105,"column":14},"end":{"line":114,"column":17}},"57":{"start":{"line":106,"column":16},"end":{"line":113,"column":18}},"58":{"start":{"line":110,"column":20},"end":{"line":110,"column":79}},"59":{"start":{"line":110,"column":29},"end":{"line":110,"column":79}},"60":{"start":{"line":111,"column":20},"end":{"line":111,"column":76}},"61":{"start":{"line":115,"column":14},"end":{"line":115,"column":20}},"62":{"start":{"line":118,"column":14},"end":{"line":127,"column":17}},"63":{"start":{"line":119,"column":16},"end":{"line":126,"column":18}},"64":{"start":{"line":123,"column":20},"end":{"line":123,"column":79}},"65":{"start":{"line":123,"column":29},"end":{"line":123,"column":79}},"66":{"start":{"line":124,"column":20},"end":{"line":124,"column":67}},"67":{"start":{"line":128,"column":14},"end":{"line":128,"column":20}},"68":{"start":{"line":131,"column":14},"end":{"line":140,"column":17}},"69":{"start":{"line":132,"column":16},"end":{"line":139,"column":18}},"70":{"start":{"line":136,"column":20},"end":{"line":136,"column":84}},"71":{"start":{"line":136,"column":29},"end":{"line":136,"column":84}},"72":{"start":{"line":137,"column":20},"end":{"line":137,"column":82}},"73":{"start":{"line":141,"column":14},"end":{"line":141,"column":20}},"74":{"start":{"line":144,"column":14},"end":{"line":144,"column":62}},"75":{"start":{"line":145,"column":14},"end":{"line":145,"column":21}},"76":{"start":{"line":148,"column":8},"end":{"line":148,"column":14}},"77":{"start":{"line":151,"column":8},"end":{"line":214,"column":11}},"78":{"start":{"line":152,"column":10},"end":{"line":152,"column":48}},"79":{"start":{"line":153,"column":10},"end":{"line":153,"column":50}},"80":{"start":{"line":154,"column":10},"end":{"line":154,"column":50}},"81":{"start":{"line":155,"column":10},"end":{"line":155,"column":55}},"82":{"start":{"line":157,"column":10},"end":{"line":213,"column":11}},"83":{"start":{"line":159,"column":14},"end":{"line":168,"column":17}},"84":{"start":{"line":160,"column":16},"end":{"line":167,"column":18}},"85":{"start":{"line":164,"column":20},"end":{"line":164,"column":77}},"86":{"start":{"line":164,"column":29},"end":{"line":164,"column":77}},"87":{"start":{"line":165,"column":20},"end":{"line":165,"column":72}},"88":{"start":{"line":169,"column":14},"end":{"line":169,"column":20}},"89":{"start":{"line":172,"column":14},"end":{"line":181,"column":17}},"90":{"start":{"line":173,"column":16},"end":{"line":180,"column":18}},"91":{"start":{"line":177,"column":20},"end":{"line":177,"column":79}},"92":{"start":{"line":177,"column":29},"end":{"line":177,"column":79}},"93":{"start":{"line":178,"column":20},"end":{"line":178,"column":76}},"94":{"start":{"line":182,"column":14},"end":{"line":182,"column":20}},"95":{"start":{"line":185,"column":14},"end":{"line":194,"column":17}},"96":{"start":{"line":186,"column":16},"end":{"line":193,"column":18}},"97":{"start":{"line":190,"column":20},"end":{"line":190,"column":79}},"98":{"start":{"line":190,"column":29},"end":{"line":190,"column":79}},"99":{"start":{"line":191,"column":20},"end":{"line":191,"column":67}},"100":{"start":{"line":195,"column":14},"end":{"line":195,"column":20}},"101":{"start":{"line":198,"column":14},"end":{"line":207,"column":17}},"102":{"start":{"line":199,"column":16},"end":{"line":206,"column":18}},"103":{"start":{"line":203,"column":20},"end":{"line":203,"column":84}},"104":{"start":{"line":203,"column":29},"end":{"line":203,"column":84}},"105":{"start":{"line":204,"column":20},"end":{"line":204,"column":82}},"106":{"start":{"line":208,"column":14},"end":{"line":208,"column":20}},"107":{"start":{"line":211,"column":14},"end":{"line":211,"column":62}},"108":{"start":{"line":212,"column":14},"end":{"line":212,"column":21}},"109":{"start":{"line":215,"column":8},"end":{"line":215,"column":14}},"110":{"start":{"line":218,"column":8},"end":{"line":218,"column":54}},"111":{"start":{"line":219,"column":8},"end":{"line":219,"column":15}},"112":{"start":{"line":224,"column":18},"end":{"line":254,"column":1}},"113":{"start":{"line":225,"column":2},"end":{"line":253,"column":5}},"114":{"start":{"line":226,"column":4},"end":{"line":226,"column":50}},"115":{"start":{"line":228,"column":4},"end":{"line":244,"column":7}},"116":{"start":{"line":229,"column":6},"end":{"line":232,"column":7}},"117":{"start":{"line":230,"column":8},"end":{"line":230,"column":60}},"118":{"start":{"line":231,"column":8},"end":{"line":231,"column":15}},"119":{"start":{"line":234,"column":6},"end":{"line":243,"column":9}},"120":{"start":{"line":235,"column":26},"end":{"line":235,"column":36}},"121":{"start":{"line":236,"column":8},"end":{"line":242,"column":11}},"122":{"start":{"line":237,"column":10},"end":{"line":241,"column":11}},"123":{"start":{"line":238,"column":12},"end":{"line":238,"column":77}},"124":{"start":{"line":240,"column":12},"end":{"line":240,"column":58}},"125":{"start":{"line":246,"column":4},"end":{"line":252,"column":7}},"126":{"start":{"line":247,"column":6},"end":{"line":251,"column":7}},"127":{"start":{"line":248,"column":8},"end":{"line":248,"column":62}},"128":{"start":{"line":250,"column":8},"end":{"line":250,"column":44}},"129":{"start":{"line":258,"column":0},"end":{"line":258,"column":41}}},"fnMap":{"0":{"name":"(anonymous_0)","decl":{"start":{"line":4,"column":17},"end":{"line":4,"column":18}},"loc":{"start":{"line":4,"column":38},"end":{"line":222,"column":1}},"line":4},"1":{"name":"(anonymous_1)","decl":{"start":{"line":5,"column":40},"end":{"line":5,"column":41}},"loc":{"start":{"line":5,"column":55},"end":{"line":221,"column":3}},"line":5},"2":{"name":"(anonymous_2)","decl":{"start":{"line":15,"column":30},"end":{"line":15,"column":31}},"loc":{"start":{"line":15,"column":36},"end":{"line":80,"column":9}},"line":15},"3":{"name":"(anonymous_3)","decl":{"start":{"line":23,"column":40},"end":{"line":23,"column":41}},"loc":{"start":{"line":23,"column":54},"end":{"line":32,"column":15}},"line":23},"4":{"name":"(anonymous_4)","decl":{"start":{"line":27,"column":18},"end":{"line":27,"column":19}},"loc":{"start":{"line":27,"column":33},"end":{"line":30,"column":19}},"line":27},"5":{"name":"(anonymous_5)","decl":{"start":{"line":36,"column":40},"end":{"line":36,"column":41}},"loc":{"start":{"line":36,"column":56},"end":{"line":45,"column":15}},"line":36},"6":{"name":"(anonymous_6)","decl":{"start":{"line":40,"column":18},"end":{"line":40,"column":19}},"loc":{"start":{"line":40,"column":33},"end":{"line":43,"column":19}},"line":40},"7":{"name":"(anonymous_7)","decl":{"start":{"line":49,"column":40},"end":{"line":49,"column":41}},"loc":{"start":{"line":49,"column":55},"end":{"line":58,"column":15}},"line":49},"8":{"name":"(anonymous_8)","decl":{"start":{"line":53,"column":18},"end":{"line":53,"column":19}},"loc":{"start":{"line":53,"column":33},"end":{"line":56,"column":19}},"line":53},"9":{"name":"(anonymous_9)","decl":{"start":{"line":62,"column":40},"end":{"line":62,"column":41}},"loc":{"start":{"line":62,"column":57},"end":{"line":73,"column":15}},"line":62},"10":{"name":"(anonymous_10)","decl":{"start":{"line":68,"column":18},"end":{"line":68,"column":19}},"loc":{"start":{"line":68,"column":33},"end":{"line":71,"column":19}},"line":68},"11":{"name":"(anonymous_11)","decl":{"start":{"line":84,"column":32},"end":{"line":84,"column":33}},"loc":{"start":{"line":84,"column":38},"end":{"line":147,"column":9}},"line":84},"12":{"name":"(anonymous_12)","decl":{"start":{"line":92,"column":40},"end":{"line":92,"column":41}},"loc":{"start":{"line":92,"column":54},"end":{"line":101,"column":15}},"line":92},"13":{"name":"(anonymous_13)","decl":{"start":{"line":96,"column":18},"end":{"line":96,"column":19}},"loc":{"start":{"line":96,"column":33},"end":{"line":99,"column":19}},"line":96},"14":{"name":"(anonymous_14)","decl":{"start":{"line":105,"column":40},"end":{"line":105,"column":41}},"loc":{"start":{"line":105,"column":56},"end":{"line":114,"column":15}},"line":105},"15":{"name":"(anonymous_15)","decl":{"start":{"line":109,"column":18},"end":{"line":109,"column":19}},"loc":{"start":{"line":109,"column":33},"end":{"line":112,"column":19}},"line":109},"16":{"name":"(anonymous_16)","decl":{"start":{"line":118,"column":40},"end":{"line":118,"column":41}},"loc":{"start":{"line":118,"column":55},"end":{"line":127,"column":15}},"line":118},"17":{"name":"(anonymous_17)","decl":{"start":{"line":122,"column":18},"end":{"line":122,"column":19}},"loc":{"start":{"line":122,"column":33},"end":{"line":125,"column":19}},"line":122},"18":{"name":"(anonymous_18)","decl":{"start":{"line":131,"column":40},"end":{"line":131,"column":41}},"loc":{"start":{"line":131,"column":57},"end":{"line":140,"column":15}},"line":131},"19":{"name":"(anonymous_19)","decl":{"start":{"line":135,"column":18},"end":{"line":135,"column":19}},"loc":{"start":{"line":135,"column":33},"end":{"line":138,"column":19}},"line":135},"20":{"name":"(anonymous_20)","decl":{"start":{"line":151,"column":30},"end":{"line":151,"column":31}},"loc":{"start":{"line":151,"column":36},"end":{"line":214,"column":9}},"line":151},"21":{"name":"(anonymous_21)","decl":{"start":{"line":159,"column":40},"end":{"line":159,"column":41}},"loc":{"start":{"line":159,"column":54},"end":{"line":168,"column":15}},"line":159},"22":{"name":"(anonymous_22)","decl":{"start":{"line":163,"column":18},"end":{"line":163,"column":19}},"loc":{"start":{"line":163,"column":33},"end":{"line":166,"column":19}},"line":163},"23":{"name":"(anonymous_23)","decl":{"start":{"line":172,"column":40},"end":{"line":172,"column":41}},"loc":{"start":{"line":172,"column":56},"end":{"line":181,"column":15}},"line":172},"24":{"name":"(anonymous_24)","decl":{"start":{"line":176,"column":18},"end":{"line":176,"column":19}},"loc":{"start":{"line":176,"column":33},"end":{"line":179,"column":19}},"line":176},"25":{"name":"(anonymous_25)","decl":{"start":{"line":185,"column":40},"end":{"line":185,"column":41}},"loc":{"start":{"line":185,"column":55},"end":{"line":194,"column":15}},"line":185},"26":{"name":"(anonymous_26)","decl":{"start":{"line":189,"column":18},"end":{"line":189,"column":19}},"loc":{"start":{"line":189,"column":33},"end":{"line":192,"column":19}},"line":189},"27":{"name":"(anonymous_27)","decl":{"start":{"line":198,"column":40},"end":{"line":198,"column":41}},"loc":{"start":{"line":198,"column":57},"end":{"line":207,"column":15}},"line":198},"28":{"name":"(anonymous_28)","decl":{"start":{"line":202,"column":18},"end":{"line":202,"column":19}},"loc":{"start":{"line":202,"column":33},"end":{"line":205,"column":19}},"line":202},"29":{"name":"(anonymous_29)","decl":{"start":{"line":224,"column":18},"end":{"line":224,"column":19}},"loc":{"start":{"line":224,"column":24},"end":{"line":254,"column":1}},"line":224},"30":{"name":"(anonymous_30)","decl":{"start":{"line":225,"column":24},"end":{"line":225,"column":25}},"loc":{"start":{"line":225,"column":30},"end":{"line":253,"column":3}},"line":225},"31":{"name":"(anonymous_31)","decl":{"start":{"line":228,"column":74},"end":{"line":228,"column":75}},"loc":{"start":{"line":228,"column":91},"end":{"line":244,"column":5}},"line":228},"32":{"name":"(anonymous_32)","decl":{"start":{"line":234,"column":21},"end":{"line":234,"column":22}},"loc":{"start":{"line":234,"column":32},"end":{"line":243,"column":7}},"line":234},"33":{"name":"(anonymous_33)","decl":{"start":{"line":236,"column":64},"end":{"line":236,"column":65}},"loc":{"start":{"line":236,"column":73},"end":{"line":242,"column":9}},"line":236},"34":{"name":"(anonymous_34)","decl":{"start":{"line":246,"column":31},"end":{"line":246,"column":32}},"loc":{"start":{"line":246,"column":40},"end":{"line":252,"column":5}},"line":246}},"branchMap":{"0":{"loc":{"start":{"line":6,"column":4},"end":{"line":9,"column":5}},"type":"if","locations":[{"start":{"line":6,"column":4},"end":{"line":9,"column":5}},{"start":{},"end":{}}],"line":6},"1":{"loc":{"start":{"line":13,"column":4},"end":{"line":220,"column":5}},"type":"switch","locations":[{"start":{"line":14,"column":6},"end":{"line":81,"column":14}},{"start":{"line":83,"column":6},"end":{"line":148,"column":14}},{"start":{"line":150,"column":6},"end":{"line":215,"column":14}},{"start":{"line":217,"column":6},"end":{"line":219,"column":15}}],"line":13},"2":{"loc":{"start":{"line":21,"column":10},"end":{"line":79,"column":11}},"type":"switch","locations":[{"start":{"line":22,"column":12},"end":{"line":33,"column":20}},{"start":{"line":35,"column":12},"end":{"line":46,"column":20}},{"start":{"line":48,"column":12},"end":{"line":59,"column":20}},{"start":{"line":61,"column":12},"end":{"line":74,"column":20}},{"start":{"line":76,"column":12},"end":{"line":78,"column":21}}],"line":21},"3":{"loc":{"start":{"line":28,"column":20},"end":{"line":28,"column":77}},"type":"if","locations":[{"start":{"line":28,"column":20},"end":{"line":28,"column":77}},{"start":{},"end":{}}],"line":28},"4":{"loc":{"start":{"line":41,"column":20},"end":{"line":41,"column":79}},"type":"if","locations":[{"start":{"line":41,"column":20},"end":{"line":41,"column":79}},{"start":{},"end":{}}],"line":41},"5":{"loc":{"start":{"line":54,"column":20},"end":{"line":54,"column":79}},"type":"if","locations":[{"start":{"line":54,"column":20},"end":{"line":54,"column":79}},{"start":{},"end":{}}],"line":54},"6":{"loc":{"start":{"line":69,"column":20},"end":{"line":69,"column":84}},"type":"if","locations":[{"start":{"line":69,"column":20},"end":{"line":69,"column":84}},{"start":{},"end":{}}],"line":69},"7":{"loc":{"start":{"line":90,"column":10},"end":{"line":146,"column":11}},"type":"switch","locations":[{"start":{"line":91,"column":12},"end":{"line":102,"column":20}},{"start":{"line":104,"column":12},"end":{"line":115,"column":20}},{"start":{"line":117,"column":12},"end":{"line":128,"column":20}},{"start":{"line":130,"column":12},"end":{"line":141,"column":20}},{"start":{"line":143,"column":12},"end":{"line":145,"column":21}}],"line":90},"8":{"loc":{"start":{"line":97,"column":20},"end":{"line":97,"column":77}},"type":"if","locations":[{"start":{"line":97,"column":20},"end":{"line":97,"column":77}},{"start":{},"end":{}}],"line":97},"9":{"loc":{"start":{"line":110,"column":20},"end":{"line":110,"column":79}},"type":"if","locations":[{"start":{"line":110,"column":20},"end":{"line":110,"column":79}},{"start":{},"end":{}}],"line":110},"10":{"loc":{"start":{"line":123,"column":20},"end":{"line":123,"column":79}},"type":"if","locations":[{"start":{"line":123,"column":20},"end":{"line":123,"column":79}},{"start":{},"end":{}}],"line":123},"11":{"loc":{"start":{"line":136,"column":20},"end":{"line":136,"column":84}},"type":"if","locations":[{"start":{"line":136,"column":20},"end":{"line":136,"column":84}},{"start":{},"end":{}}],"line":136},"12":{"loc":{"start":{"line":157,"column":10},"end":{"line":213,"column":11}},"type":"switch","locations":[{"start":{"line":158,"column":12},"end":{"line":169,"column":20}},{"start":{"line":171,"column":12},"end":{"line":182,"column":20}},{"start":{"line":184,"column":12},"end":{"line":195,"column":20}},{"start":{"line":197,"column":12},"end":{"line":208,"column":20}},{"start":{"line":210,"column":12},"end":{"line":212,"column":21}}],"line":157},"13":{"loc":{"start":{"line":164,"column":20},"end":{"line":164,"column":77}},"type":"if","locations":[{"start":{"line":164,"column":20},"end":{"line":164,"column":77}},{"start":{},"end":{}}],"line":164},"14":{"loc":{"start":{"line":177,"column":20},"end":{"line":177,"column":79}},"type":"if","locations":[{"start":{"line":177,"column":20},"end":{"line":177,"column":79}},{"start":{},"end":{}}],"line":177},"15":{"loc":{"start":{"line":190,"column":20},"end":{"line":190,"column":79}},"type":"if","locations":[{"start":{"line":190,"column":20},"end":{"line":190,"column":79}},{"start":{},"end":{}}],"line":190},"16":{"loc":{"start":{"line":203,"column":20},"end":{"line":203,"column":84}},"type":"if","locations":[{"start":{"line":203,"column":20},"end":{"line":203,"column":84}},{"start":{},"end":{}}],"line":203},"17":{"loc":{"start":{"line":229,"column":6},"end":{"line":232,"column":7}},"type":"if","locations":[{"start":{"line":229,"column":6},"end":{"line":232,"column":7}},{"start":{},"end":{}}],"line":229},"18":{"loc":{"start":{"line":237,"column":10},"end":{"line":241,"column":11}},"type":"if","locations":[{"start":{"line":237,"column":10},"end":{"line":241,"column":11}},{"start":{"line":239,"column":17},"end":{"line":241,"column":11}}],"line":237},"19":{"loc":{"start":{"line":247,"column":6},"end":{"line":251,"column":7}},"type":"if","locations":[{"start":{"line":247,"column":6},"end":{"line":251,"column":7}},{"start":{"line":249,"column":13},"end":{"line":251,"column":7}}],"line":247}},"s":{"0":1,"1":1,"2":1,"3":4,"4":4,"5":1,"6":1,"7":3,"8":3,"9":2,"10":0,"11":0,"12":0,"13":0,"14":0,"15":0,"16":0,"17":0,"18":0,"19":0,"20":0,"21":0,"22":0,"23":0,"24":0,"25":0,"26":0,"27":0,"28":0,"29":0,"30":0,"31":0,"32":0,"33":0,"34":0,"35":0,"36":0,"37":0,"38":0,"39":0,"40":0,"41":0,"42":0,"43":2,"44":0,"45":0,"46":0,"47":0,"48":0,"49":0,"50":0,"51":0,"52":0,"53":0,"54":0,"55":0,"56":0,"57":0,"58":0,"59":0,"60":0,"61":0,"62":0,"63":0,"64":0,"65":0,"66":0,"67":0,"68":0,"69":0,"70":0,"71":0,"72":0,"73":0,"74":0,"75":0,"76":0,"77":0,"78":0,"79":0,"80":0,"81":0,"82":0,"83":0,"84":0,"85":0,"86":0,"87":0,"88":0,"89":0,"90":0,"91":0,"92":0,"93":0,"94":0,"95":0,"96":0,"97":0,"98":0,"99":0,"100":0,"101":0,"102":0,"103":0,"104":0,"105":0,"106":0,"107":0,"108":0,"109":0,"110":1,"111":1,"112":1,"113":1,"114":0,"115":0,"116":0,"117":0,"118":0,"119":0,"120":0,"121":0,"122":0,"123":0,"124":0,"125":0,"126":0,"127":0,"128":0,"129":1},"f":{"0":4,"1":4,"2":0,"3":0,"4":0,"5":0,"6":0,"7":0,"8":0,"9":0,"10":0,"11":0,"12":0,"13":0,"14":0,"15":0,"16":0,"17":0,"18":0,"19":0,"20":0,"21":0,"22":0,"23":0,"24":0,"25":0,"26":0,"27":0,"28":0,"29":1,"30":0,"31":0,"32":0,"33":0,"34":0},"b":{"0":[1,3],"1":[2,0,0,1],"2":[0,0,0,0,0],"3":[0,0],"4":[0,0],"5":[0,0],"6":[0,0],"7":[0,0,0,0,0],"8":[0,0],"9":[0,0],"10":[0,0],"11":[0,0],"12":[0,0,0,0,0],"13":[0,0],"14":[0,0],"15":[0,0],"16":[0,0],"17":[0,0],"18":[0,0],"19":[0,0]},"_coverageSchema":"1a1c01bbd47fc00a2c39e90264f33305004495a9","hash":"9aa18662ed0f33f4b2d7fd68cbee2446e88f0223"}
,"/Users/gahimbarejoselyne/Desktop/Joel/project-info/AppTest/backend/routers/apiForTest.js": {"path":"/Users/gahimbarejoselyne/Desktop/Joel/project-info/AppTest/backend/routers/apiForTest.js","statementMap":{"0":{"start":{"line":2,"column":16},"end":{"line":2,"column":34}},"1":{"start":{"line":3,"column":14},"end":{"line":3,"column":30}},"2":{"start":{"line":4,"column":11},"end":{"line":4,"column":24}},"3":{"start":{"line":5,"column":13},"end":{"line":5,"column":28}},"4":{"start":{"line":6,"column":15},"end":{"line":6,"column":32}},"5":{"start":{"line":7,"column":21},"end":{"line":7,"column":64}},"6":{"start":{"line":8,"column":52},"end":{"line":8,"column":87}},"7":{"start":{"line":10,"column":0},"end":{"line":10,"column":16}},"8":{"start":{"line":11,"column":18},"end":{"line":11,"column":34}},"9":{"start":{"line":13,"column":16},"end":{"line":13,"column":35}},"10":{"start":{"line":15,"column":0},"end":{"line":39,"column":3}},"11":{"start":{"line":17,"column":40},"end":{"line":17,"column":48}},"12":{"start":{"line":18,"column":2},"end":{"line":18,"column":63}},"13":{"start":{"line":21,"column":2},"end":{"line":34,"column":3}},"14":{"start":{"line":22,"column":17},"end":{"line":22,"column":64}},"15":{"start":{"line":23,"column":21},"end":{"line":23,"column":66}},"16":{"start":{"line":24,"column":4},"end":{"line":24,"column":70}},"17":{"start":{"line":28,"column":21},"end":{"line":28,"column":66}},"18":{"start":{"line":29,"column":4},"end":{"line":29,"column":84}},"19":{"start":{"line":32,"column":4},"end":{"line":32,"column":50}},"20":{"start":{"line":33,"column":4},"end":{"line":33,"column":50}},"21":{"start":{"line":36,"column":2},"end":{"line":36,"column":27}},"22":{"start":{"line":38,"column":2},"end":{"line":38,"column":36}},"23":{"start":{"line":42,"column":0},"end":{"line":77,"column":3}},"24":{"start":{"line":43,"column":19},"end":{"line":43,"column":64}},"25":{"start":{"line":45,"column":2},"end":{"line":47,"column":3}},"26":{"start":{"line":46,"column":4},"end":{"line":46,"column":74}},"27":{"start":{"line":49,"column":29},"end":{"line":49,"column":74}},"28":{"start":{"line":52,"column":2},"end":{"line":63,"column":3}},"29":{"start":{"line":54,"column":6},"end":{"line":54,"column":23}},"30":{"start":{"line":55,"column":6},"end":{"line":55,"column":12}},"31":{"start":{"line":57,"column":6},"end":{"line":57,"column":23}},"32":{"start":{"line":58,"column":6},"end":{"line":58,"column":12}},"33":{"start":{"line":60,"column":6},"end":{"line":60,"column":25}},"34":{"start":{"line":61,"column":6},"end":{"line":61,"column":12}},"35":{"start":{"line":62,"column":13},"end":{"line":62,"column":72}},"36":{"start":{"line":65,"column":16},"end":{"line":65,"column":22}},"37":{"start":{"line":67,"column":14},"end":{"line":67,"column":38}},"38":{"start":{"line":69,"column":2},"end":{"line":75,"column":5}},"39":{"start":{"line":70,"column":4},"end":{"line":73,"column":5}},"40":{"start":{"line":71,"column":6},"end":{"line":71,"column":45}},"41":{"start":{"line":72,"column":6},"end":{"line":72,"column":80}},"42":{"start":{"line":74,"column":4},"end":{"line":74,"column":19}},"43":{"start":{"line":79,"column":0},"end":{"line":82,"column":5}},"44":{"start":{"line":80,"column":4},"end":{"line":80,"column":16}},"45":{"start":{"line":81,"column":4},"end":{"line":81,"column":41}},"46":{"start":{"line":87,"column":23},"end":{"line":173,"column":1}},"47":{"start":{"line":88,"column":12},"end":{"line":88,"column":14}},"48":{"start":{"line":89,"column":15},"end":{"line":89,"column":17}},"49":{"start":{"line":90,"column":13},"end":{"line":90,"column":15}},"50":{"start":{"line":91,"column":2},"end":{"line":104,"column":3}},"51":{"start":{"line":93,"column":8},"end":{"line":93,"column":51}},"52":{"start":{"line":94,"column":8},"end":{"line":94,"column":44}},"53":{"start":{"line":95,"column":8},"end":{"line":95,"column":14}},"54":{"start":{"line":97,"column":8},"end":{"line":97,"column":50}},"55":{"start":{"line":98,"column":8},"end":{"line":98,"column":43}},"56":{"start":{"line":99,"column":8},"end":{"line":99,"column":14}},"57":{"start":{"line":101,"column":8},"end":{"line":101,"column":52}},"58":{"start":{"line":102,"column":8},"end":{"line":102,"column":45}},"59":{"start":{"line":103,"column":8},"end":{"line":103,"column":14}},"60":{"start":{"line":106,"column":2},"end":{"line":155,"column":3}},"61":{"start":{"line":108,"column":8},"end":{"line":112,"column":9}},"62":{"start":{"line":109,"column":12},"end":{"line":109,"column":35}},"63":{"start":{"line":110,"column":12},"end":{"line":110,"column":39}},"64":{"start":{"line":111,"column":12},"end":{"line":111,"column":18}},"65":{"start":{"line":113,"column":8},"end":{"line":121,"column":9}},"66":{"start":{"line":114,"column":12},"end":{"line":114,"column":35}},"67":{"start":{"line":115,"column":12},"end":{"line":115,"column":39}},"68":{"start":{"line":116,"column":12},"end":{"line":116,"column":18}},"69":{"start":{"line":119,"column":12},"end":{"line":119,"column":44}},"70":{"start":{"line":120,"column":12},"end":{"line":120,"column":39}},"71":{"start":{"line":122,"column":6},"end":{"line":122,"column":12}},"72":{"start":{"line":125,"column":6},"end":{"line":125,"column":27}},"73":{"start":{"line":126,"column":6},"end":{"line":126,"column":33}},"74":{"start":{"line":127,"column":6},"end":{"line":127,"column":12}},"75":{"start":{"line":130,"column":6},"end":{"line":138,"column":7}},"76":{"start":{"line":131,"column":8},"end":{"line":131,"column":31}},"77":{"start":{"line":132,"column":8},"end":{"line":132,"column":20}},"78":{"start":{"line":133,"column":8},"end":{"line":133,"column":14}},"79":{"start":{"line":136,"column":8},"end":{"line":136,"column":39}},"80":{"start":{"line":137,"column":8},"end":{"line":137,"column":20}},"81":{"start":{"line":139,"column":6},"end":{"line":139,"column":12}},"82":{"start":{"line":142,"column":6},"end":{"line":150,"column":7}},"83":{"start":{"line":143,"column":8},"end":{"line":143,"column":36}},"84":{"start":{"line":144,"column":8},"end":{"line":144,"column":35}},"85":{"start":{"line":145,"column":8},"end":{"line":145,"column":14}},"86":{"start":{"line":148,"column":8},"end":{"line":148,"column":31}},"87":{"start":{"line":149,"column":8},"end":{"line":149,"column":35}},"88":{"start":{"line":151,"column":6},"end":{"line":151,"column":12}},"89":{"start":{"line":154,"column":6},"end":{"line":154,"column":43}},"90":{"start":{"line":157,"column":2},"end":{"line":157,"column":31}},"91":{"start":{"line":158,"column":2},"end":{"line":158,"column":37}},"92":{"start":{"line":159,"column":2},"end":{"line":159,"column":33}},"93":{"start":{"line":161,"column":17},"end":{"line":169,"column":3}},"94":{"start":{"line":171,"column":19},"end":{"line":171,"column":46}},"95":{"start":{"line":172,"column":2},"end":{"line":172,"column":23}},"96":{"start":{"line":175,"column":0},"end":{"line":178,"column":4}}},"fnMap":{"0":{"name":"(anonymous_0)","decl":{"start":{"line":15,"column":34},"end":{"line":15,"column":35}},"loc":{"start":{"line":15,"column":54},"end":{"line":39,"column":1}},"line":15},"1":{"name":"(anonymous_1)","decl":{"start":{"line":42,"column":27},"end":{"line":42,"column":28}},"loc":{"start":{"line":42,"column":41},"end":{"line":77,"column":1}},"line":42},"2":{"name":"(anonymous_2)","decl":{"start":{"line":69,"column":18},"end":{"line":69,"column":19}},"loc":{"start":{"line":69,"column":33},"end":{"line":75,"column":3}},"line":69},"3":{"name":"(anonymous_3)","decl":{"start":{"line":79,"column":28},"end":{"line":79,"column":29}},"loc":{"start":{"line":79,"column":42},"end":{"line":82,"column":3}},"line":79},"4":{"name":"(anonymous_4)","decl":{"start":{"line":87,"column":23},"end":{"line":87,"column":24}},"loc":{"start":{"line":87,"column":57},"end":{"line":173,"column":1}},"line":87}},"branchMap":{"0":{"loc":{"start":{"line":45,"column":2},"end":{"line":47,"column":3}},"type":"if","locations":[{"start":{"line":45,"column":2},"end":{"line":47,"column":3}},{"start":{},"end":{}}],"line":45},"1":{"loc":{"start":{"line":52,"column":2},"end":{"line":63,"column":3}},"type":"switch","locations":[{"start":{"line":53,"column":4},"end":{"line":55,"column":12}},{"start":{"line":56,"column":4},"end":{"line":58,"column":12}},{"start":{"line":59,"column":4},"end":{"line":61,"column":12}},{"start":{"line":62,"column":4},"end":{"line":62,"column":72}}],"line":52},"2":{"loc":{"start":{"line":70,"column":4},"end":{"line":73,"column":5}},"type":"if","locations":[{"start":{"line":70,"column":4},"end":{"line":73,"column":5}},{"start":{},"end":{}}],"line":70},"3":{"loc":{"start":{"line":91,"column":2},"end":{"line":104,"column":3}},"type":"switch","locations":[{"start":{"line":92,"column":4},"end":{"line":95,"column":14}},{"start":{"line":96,"column":4},"end":{"line":99,"column":14}},{"start":{"line":100,"column":4},"end":{"line":103,"column":14}}],"line":91},"4":{"loc":{"start":{"line":106,"column":2},"end":{"line":155,"column":3}},"type":"switch","locations":[{"start":{"line":107,"column":4},"end":{"line":122,"column":12}},{"start":{"line":124,"column":4},"end":{"line":127,"column":12}},{"start":{"line":129,"column":4},"end":{"line":139,"column":12}},{"start":{"line":141,"column":4},"end":{"line":151,"column":12}},{"start":{"line":153,"column":4},"end":{"line":154,"column":43}}],"line":106},"5":{"loc":{"start":{"line":108,"column":8},"end":{"line":112,"column":9}},"type":"if","locations":[{"start":{"line":108,"column":8},"end":{"line":112,"column":9}},{"start":{},"end":{}}],"line":108},"6":{"loc":{"start":{"line":113,"column":8},"end":{"line":121,"column":9}},"type":"if","locations":[{"start":{"line":113,"column":8},"end":{"line":121,"column":9}},{"start":{"line":118,"column":13},"end":{"line":121,"column":9}}],"line":113},"7":{"loc":{"start":{"line":130,"column":6},"end":{"line":138,"column":7}},"type":"if","locations":[{"start":{"line":130,"column":6},"end":{"line":138,"column":7}},{"start":{"line":135,"column":11},"end":{"line":138,"column":7}}],"line":130},"8":{"loc":{"start":{"line":130,"column":10},"end":{"line":130,"column":57}},"type":"binary-expr","locations":[{"start":{"line":130,"column":10},"end":{"line":130,"column":31}},{"start":{"line":130,"column":35},"end":{"line":130,"column":57}}],"line":130},"9":{"loc":{"start":{"line":142,"column":6},"end":{"line":150,"column":7}},"type":"if","locations":[{"start":{"line":142,"column":6},"end":{"line":150,"column":7}},{"start":{"line":147,"column":11},"end":{"line":150,"column":7}}],"line":142}},"s":{"0":1,"1":1,"2":1,"3":1,"4":1,"5":1,"6":1,"7":1,"8":1,"9":1,"10":1,"11":0,"12":0,"13":0,"14":0,"15":0,"16":0,"17":0,"18":0,"19":0,"20":0,"21":0,"22":0,"23":1,"24":0,"25":0,"26":0,"27":0,"28":0,"29":0,"30":0,"31":0,"32":0,"33":0,"34":0,"35":0,"36":0,"37":0,"38":0,"39":0,"40":0,"41":0,"42":0,"43":1,"44":0,"45":0,"46":1,"47":0,"48":0,"49":0,"50":0,"51":0,"52":0,"53":0,"54":0,"55":0,"56":0,"57":0,"58":0,"59":0,"60":0,"61":0,"62":0,"63":0,"64":0,"65":0,"66":0,"67":0,"68":0,"69":0,"70":0,"71":0,"72":0,"73":0,"74":0,"75":0,"76":0,"77":0,"78":0,"79":0,"80":0,"81":0,"82":0,"83":0,"84":0,"85":0,"86":0,"87":0,"88":0,"89":0,"90":0,"91":0,"92":0,"93":0,"94":0,"95":0,"96":1},"f":{"0":0,"1":0,"2":0,"3":0,"4":0},"b":{"0":[0,0],"1":[0,0,0,0],"2":[0,0],"3":[0,0,0],"4":[0,0,0,0,0],"5":[0,0],"6":[0,0],"7":[0,0],"8":[0,0],"9":[0,0]},"_coverageSchema":"1a1c01bbd47fc00a2c39e90264f33305004495a9","hash":"e913adccaa4c1e88686128e355cbff3018d4d01e"}
}
