TN:
SF:database/dbForTest.js
FN:5,(anonymous_0)
FN:14,(anonymous_1)
FN:55,(anonymous_2)
FN:64,(anonymous_3)
FN:106,(anonymous_4)
FN:115,(anonymous_5)
FNF:6
FNH:6
FNDA:1,(anonymous_0)
FNDA:1,(anonymous_1)
FNDA:1,(anonymous_2)
FNDA:1,(anonymous_3)
FNDA:1,(anonymous_4)
FNDA:1,(anonymous_5)
DA:1,1
DA:2,1
DA:5,1
DA:6,1
DA:7,0
DA:9,1
DA:14,1
DA:15,1
DA:25,1
DA:32,1
DA:44,1
DA:55,1
DA:56,1
DA:57,0
DA:59,1
DA:64,1
DA:65,1
DA:74,1
DA:81,1
DA:92,1
DA:106,1
DA:107,1
DA:108,0
DA:110,1
DA:115,1
DA:116,1
DA:127,1
DA:134,1
DA:147,1
DA:157,1
LF:30
LH:27
BRDA:6,0,0,0
BRDA:6,0,1,1
BRDA:56,1,0,0
BRDA:56,1,1,1
BRDA:107,2,0,0
BRDA:107,2,1,1
BRF:6
BRH:3
end_of_record
TN:
SF:database/insertDataForTest.js
FN:4,(anonymous_0)
FN:5,(anonymous_1)
FN:15,(anonymous_2)
FN:23,(anonymous_3)
FN:27,(anonymous_4)
FN:36,(anonymous_5)
FN:40,(anonymous_6)
FN:49,(anonymous_7)
FN:53,(anonymous_8)
FN:62,(anonymous_9)
FN:68,(anonymous_10)
FN:84,(anonymous_11)
FN:92,(anonymous_12)
FN:96,(anonymous_13)
FN:105,(anonymous_14)
FN:109,(anonymous_15)
FN:118,(anonymous_16)
FN:122,(anonymous_17)
FN:131,(anonymous_18)
FN:135,(anonymous_19)
FN:151,(anonymous_20)
FN:159,(anonymous_21)
FN:163,(anonymous_22)
FN:172,(anonymous_23)
FN:176,(anonymous_24)
FN:185,(anonymous_25)
FN:189,(anonymous_26)
FN:198,(anonymous_27)
FN:202,(anonymous_28)
FN:224,(anonymous_29)
FN:225,(anonymous_30)
FN:228,(anonymous_31)
FN:234,(anonymous_32)
FN:236,(anonymous_33)
FN:246,(anonymous_34)
FNF:35
FNH:3
FNDA:4,(anonymous_0)
FNDA:4,(anonymous_1)
FNDA:0,(anonymous_2)
FNDA:0,(anonymous_3)
FNDA:0,(anonymous_4)
FNDA:0,(anonymous_5)
FNDA:0,(anonymous_6)
FNDA:0,(anonymous_7)
FNDA:0,(anonymous_8)
FNDA:0,(anonymous_9)
FNDA:0,(anonymous_10)
FNDA:0,(anonymous_11)
FNDA:0,(anonymous_12)
FNDA:0,(anonymous_13)
FNDA:0,(anonymous_14)
FNDA:0,(anonymous_15)
FNDA:0,(anonymous_16)
FNDA:0,(anonymous_17)
FNDA:0,(anonymous_18)
FNDA:0,(anonymous_19)
FNDA:0,(anonymous_20)
FNDA:0,(anonymous_21)
FNDA:0,(anonymous_22)
FNDA:0,(anonymous_23)
FNDA:0,(anonymous_24)
FNDA:0,(anonymous_25)
FNDA:0,(anonymous_26)
FNDA:0,(anonymous_27)
FNDA:0,(anonymous_28)
FNDA:1,(anonymous_29)
FNDA:0,(anonymous_30)
FNDA:0,(anonymous_31)
FNDA:0,(anonymous_32)
FNDA:0,(anonymous_33)
FNDA:0,(anonymous_34)
DA:1,1
DA:2,1
DA:4,1
DA:5,4
DA:6,4
DA:7,1
DA:8,1
DA:11,3
DA:13,3
DA:15,2
DA:16,0
DA:17,0
DA:18,0
DA:19,0
DA:21,0
DA:23,0
DA:24,0
DA:28,0
DA:29,0
DA:33,0
DA:36,0
DA:37,0
DA:41,0
DA:42,0
DA:46,0
DA:49,0
DA:50,0
DA:54,0
DA:55,0
DA:59,0
DA:62,0
DA:63,0
DA:64,0
DA:65,0
DA:69,0
DA:70,0
DA:74,0
DA:77,0
DA:78,0
DA:81,2
DA:84,0
DA:85,0
DA:86,0
DA:87,0
DA:88,0
DA:90,0
DA:92,0
DA:93,0
DA:97,0
DA:98,0
DA:102,0
DA:105,0
DA:106,0
DA:110,0
DA:111,0
DA:115,0
DA:118,0
DA:119,0
DA:123,0
DA:124,0
DA:128,0
DA:131,0
DA:132,0
DA:136,0
DA:137,0
DA:141,0
DA:144,0
DA:145,0
DA:148,0
DA:151,0
DA:152,0
DA:153,0
DA:154,0
DA:155,0
DA:157,0
DA:159,0
DA:160,0
DA:164,0
DA:165,0
DA:169,0
DA:172,0
DA:173,0
DA:177,0
DA:178,0
DA:182,0
DA:185,0
DA:186,0
DA:190,0
DA:191,0
DA:195,0
DA:198,0
DA:199,0
DA:203,0
DA:204,0
DA:208,0
DA:211,0
DA:212,0
DA:215,0
DA:218,1
DA:219,1
DA:224,1
DA:225,1
DA:226,0
DA:228,0
DA:229,0
DA:230,0
DA:231,0
DA:234,0
DA:235,0
DA:236,0
DA:237,0
DA:238,0
DA:240,0
DA:246,0
DA:247,0
DA:248,0
DA:250,0
DA:258,1
LF:118
LH:16
BRDA:6,0,0,1
BRDA:6,0,1,3
BRDA:13,1,0,2
BRDA:13,1,1,0
BRDA:13,1,2,0
BRDA:13,1,3,1
BRDA:21,2,0,0
BRDA:21,2,1,0
BRDA:21,2,2,0
BRDA:21,2,3,0
BRDA:21,2,4,0
BRDA:28,3,0,0
BRDA:28,3,1,0
BRDA:41,4,0,0
BRDA:41,4,1,0
BRDA:54,5,0,0
BRDA:54,5,1,0
BRDA:69,6,0,0
BRDA:69,6,1,0
BRDA:90,7,0,0
BRDA:90,7,1,0
BRDA:90,7,2,0
BRDA:90,7,3,0
BRDA:90,7,4,0
BRDA:97,8,0,0
BRDA:97,8,1,0
BRDA:110,9,0,0
BRDA:110,9,1,0
BRDA:123,10,0,0
BRDA:123,10,1,0
BRDA:136,11,0,0
BRDA:136,11,1,0
BRDA:157,12,0,0
BRDA:157,12,1,0
BRDA:157,12,2,0
BRDA:157,12,3,0
BRDA:157,12,4,0
BRDA:164,13,0,0
BRDA:164,13,1,0
BRDA:177,14,0,0
BRDA:177,14,1,0
BRDA:190,15,0,0
BRDA:190,15,1,0
BRDA:203,16,0,0
BRDA:203,16,1,0
BRDA:229,17,0,0
BRDA:229,17,1,0
BRDA:237,18,0,0
BRDA:237,18,1,0
BRDA:247,19,0,0
BRDA:247,19,1,0
BRF:51
BRH:4
end_of_record
TN:
SF:routers/apiForTest.js
FN:15,(anonymous_0)
FN:42,(anonymous_1)
FN:69,(anonymous_2)
FN:79,(anonymous_3)
FN:87,(anonymous_4)
FNF:5
FNH:0
FNDA:0,(anonymous_0)
FNDA:0,(anonymous_1)
FNDA:0,(anonymous_2)
FNDA:0,(anonymous_3)
FNDA:0,(anonymous_4)
DA:2,1
DA:3,1
DA:4,1
DA:5,1
DA:6,1
DA:7,1
DA:8,1
DA:10,1
DA:11,1
DA:13,1
DA:15,1
DA:17,0
DA:18,0
DA:21,0
DA:22,0
DA:23,0
DA:24,0
DA:28,0
DA:29,0
DA:32,0
DA:33,0
DA:36,0
DA:38,0
DA:42,1
DA:43,0
DA:45,0
DA:46,0
DA:49,0
DA:52,0
DA:54,0
DA:55,0
DA:57,0
DA:58,0
DA:60,0
DA:61,0
DA:62,0
DA:65,0
DA:67,0
DA:69,0
DA:70,0
DA:71,0
DA:72,0
DA:74,0
DA:79,1
DA:80,0
DA:81,0
DA:87,1
DA:88,0
DA:89,0
DA:90,0
DA:91,0
DA:93,0
DA:94,0
DA:95,0
DA:97,0
DA:98,0
DA:99,0
DA:101,0
DA:102,0
DA:103,0
DA:106,0
DA:108,0
DA:109,0
DA:110,0
DA:111,0
DA:113,0
DA:114,0
DA:115,0
DA:116,0
DA:119,0
DA:120,0
DA:122,0
DA:125,0
DA:126,0
DA:127,0
DA:130,0
DA:131,0
DA:132,0
DA:133,0
DA:136,0
DA:137,0
DA:139,0
DA:142,0
DA:143,0
DA:144,0
DA:145,0
DA:148,0
DA:149,0
DA:151,0
DA:154,0
DA:157,0
DA:158,0
DA:159,0
DA:161,0
DA:171,0
DA:172,0
DA:175,1
LF:97
LH:15
BRDA:45,0,0,0
BRDA:45,0,1,0
BRDA:52,1,0,0
BRDA:52,1,1,0
BRDA:52,1,2,0
BRDA:52,1,3,0
BRDA:70,2,0,0
BRDA:70,2,1,0
BRDA:91,3,0,0
BRDA:91,3,1,0
BRDA:91,3,2,0
BRDA:106,4,0,0
BRDA:106,4,1,0
BRDA:106,4,2,0
BRDA:106,4,3,0
BRDA:106,4,4,0
BRDA:108,5,0,0
BRDA:108,5,1,0
BRDA:113,6,0,0
BRDA:113,6,1,0
BRDA:130,7,0,0
BRDA:130,7,1,0
BRDA:130,8,0,0
BRDA:130,8,1,0
BRDA:142,9,0,0
BRDA:142,9,1,0
BRF:26
BRH:0
end_of_record
